[2025-09-29 21:47:48] Config loaded from config\gui_config.json
[2025-09-29 21:47:53] Preview loaded: 200 rows.
[2025-09-29 21:47:53] Preview loaded: 200 rows.
[2025-09-29 21:47:53] Preview loaded: 200 rows.
[2025-09-29 21:47:54] Preview loaded: 200 rows.
[2025-09-29 21:47:54] Preview loaded: 200 rows.
[2025-09-29 21:47:54] Preview loaded: 200 rows.
[2025-09-29 21:47:54] Preview loaded: 200 rows.
[2025-09-29 21:47:54] Preview loaded: 200 rows.
[2025-09-29 21:47:54] Preview loaded: 200 rows.
[2025-09-29 21:47:54] Preview loaded: 200 rows.
[2025-09-29 21:47:54] Preview loaded: 200 rows.
[2025-09-29 21:47:55] Preview loaded: 200 rows.
[2025-09-29 21:47:55] Preview loaded: 200 rows.
[2025-09-29 21:47:55] Preview loaded: 200 rows.
[2025-09-29 21:47:55] Preview loaded: 200 rows.
[2025-09-29 21:47:55] Preview loaded: 200 rows.
[2025-09-29 21:47:55] Preview loaded: 200 rows.
[2025-09-29 21:48:12] Config saved to config\gui_config.json
[2025-09-29 21:48:14] Prepare: loading data from sqlite...
[2025-09-29 21:48:14] Prepare thread started.
[2025-09-29 21:48:14] Loaded 2880 rows from sqlite.
[2025-09-29 21:48:14] Computed features. Shape: (2880, 52)
[2025-09-29 21:48:14] dropna: before=2880, after=2780, removed=100
[2025-09-29 21:48:14] Feature cols selected (44): ['log_close', 'ret_1', 'log_ret_1', 'ret_5', 'log_ret_5', 'sma_5', 'ema_5', 'ma_diff_5', 'sma_10', 'ema_10', 'ma_diff_10', 'sma_20', 'ema_20', 'ma_diff_20', 'sma_50', 'ema_50', 'ma_diff_50', 'bb_m', 'bb_std', 'bb_up']...
[2025-09-29 21:48:14] Building sequences...
[2025-09-29 21:48:14] Sequences built: N=2643, seq_len=128, features=44
[2025-09-29 21:48:14] Scaler fitted and df_scaled prepared.
[2025-09-29 21:48:14] Preview raw (first 5 rows):
      id   symbol timeframe          ts      open      high       low     close      volume  source     created_at     updated_at                 timestamp
0  86460  BTCUSDT       30m  1753461000  115773.8  116192.9  115563.6  116190.6   94.879145  influx  1758693293000  1758693293000 2025-07-25 16:30:00+00:00
1  86461  BTCUSDT       30m  1753462800  116185.2  116338.0  115955.1  116116.0  116.280849  influx  1758693293000  1758693293000 2025-07-25 17:00:00+00:00
2  86462  BTCUSDT       30m  1753464600  116116.0  116226.3  115861.2  116050.0  114.327778  influx  1758693293000  1758693293000 2025-07-25 17:30:00+00:00
3  86463  BTCUSDT       30m  1753466400  116049.9  116476.2  116049.8  116395.0   93.656081  influx  1758693293000  1758693293000 2025-07-25 18:00:00+00:00
4  86464  BTCUSDT       30m  1753468200  116397.4  116569.0  116335.6  116502.4   58.270408  influx  1758693293000  1758693293000 2025-07-25 18:30:00+00:00
[2025-09-29 21:48:14] Preview features (first 5 rows):
      close      high       low  log_close     ret_1  log_ret_1     ret_5  log_ret_5      sma_5          ema_5  ma_diff_5     sma_10         ema_10  ma_diff_10      sma_20         ema_20  ma_diff_20      sma_50         ema_50  ma_diff_50        bb_m      bb_std          bb_up          bb_dn  bb_width     rsi_14      atr_14  raw_vol_10  raw_vol_30     fib_0  dist_fib_0      fib_236  dist_fib_236      fib_382  dist_fib_382   fib_500  dist_fib_500      fib_618  dist_fib_618      fib_786  dist_fib_786  fib_1000  dist_fib_1000  td_buy_setup  td_sell_setup     volume       vp_poc   dist_vp           timestamp      open   symbol timeframe
0  119025.0  119248.6  118944.6  11.687089 -0.001875  -0.001877 -0.002789  -0.002793  119148.22  119082.841879    -123.22  118899.74  118911.624183      125.26  118492.870  118656.354726     532.130  118254.980  118294.404190     770.020  118492.870  498.848171  119490.566343  117495.173657  0.016840  72.019107  319.142857    0.002439    0.001515  117829.8    0.010042  118232.2272      0.006661  118481.1864      0.004569  118682.4      0.002878  118883.6136      0.001188  119170.0872     -0.001219  119535.0      -0.004285             2              0  59.156540  118117.4375  0.007625 2025-07-27 18:30:00  119248.6  BTCUSDT       30m
1  118934.1  119024.9  118890.0  11.686325 -0.000764  -0.000764 -0.001134  -0.001134  119121.22  119033.261253    -187.12  118950.89  118915.710695      -16.79  118545.425  118682.806657     388.675  118272.864  118319.490300     661.236  118545.425  486.428574  119518.282148  117572.567852  0.016413  72.009185  318.592857    0.002439    0.001524  117829.8    0.009285  118232.2272      0.005901  118481.1864      0.003808  118682.4      0.002116  118883.6136      0.000424  119170.0872     -0.001984  119535.0      -0.005052             3              0  45.045304  118117.4375  0.006867 2025-07-27 19:00:00  119024.9  BTCUSDT       30m
2  118960.8  119060.0  118917.1  11.686549  0.000224   0.000224 -0.002026  -0.002028  119072.92  119009.107502    -112.12  119004.62  118923.908751      -43.82  118596.715  118709.282213     364.085  118290.156  118344.639700     670.644  118596.715  472.560039  119541.835079  117651.594921  0.015938  70.697115  313.792857    0.002436    0.001520  117829.8    0.009507  118232.2272      0.006124  118481.1864      0.004032  118682.4      0.002340  118883.6136      0.000649  119170.0872     -0.001759  119535.0      -0.004827             4              0  47.867617  118117.4375  0.007089 2025-07-27 19:30:00  118934.1  BTCUSDT       30m
3  118985.9  119164.9  118920.1  11.686760  0.000211   0.000211 -0.001763  -0.001765  119030.88  119001.371668     -44.98  119055.70  118935.179887      -69.80  118638.955  118735.626764     346.945  118308.128  118369.787163     677.772  118638.955  467.419704  119573.794407  117704.115593  0.015759  69.825239  322.764286    0.002437    0.001520  117829.8    0.009716  118232.2272      0.006334  118481.1864      0.004242  118682.4      0.002551  118883.6136      0.000860  119170.0872     -0.001548  119535.0      -0.004615             5              0  50.765735  118098.6675  0.007457 2025-07-27 20:00:00  118960.8  BTCUSDT       30m
4  118743.5  118985.8  118717.4  11.684721 -0.002037  -0.002039 -0.004236  -0.004245  118929.86  118915.414445    -186.36  119072.33  118900.328998     -328.83  118666.950  118736.376596      76.550  118318.450  118384.442568     425.050  118666.950  455.322297  119577.594594  117756.305406  0.015348  62.093975  333.028571    0.002550    0.001574  117829.8    0.007695  118232.2272      0.004306  118481.1864      0.002209  118682.4      0.000515  118883.6136     -0.001180  119170.0872     -0.003593  119535.0      -0.006666             6              0  88.195690  118001.5375  0.006248 2025-07-27 20:30:00  118985.8  BTCUSDT       30m
[2025-09-29 21:48:14] Preview scaled (first 5 rows):
      close      high       low  log_close     ret_1  log_ret_1     ret_5  log_ret_5     sma_5     ema_5  ma_diff_5    sma_10    ema_10  ma_diff_10    sma_20    ema_20  ma_diff_20    sma_50    ema_50  ma_diff_50      bb_m    bb_std     bb_up     bb_dn  bb_width    rsi_14    atr_14  raw_vol_10  raw_vol_30     fib_0  dist_fib_0   fib_236  dist_fib_236   fib_382  dist_fib_382   fib_500  dist_fib_500   fib_618  dist_fib_618  fib_786  dist_fib_786  fib_1000  dist_fib_1000  td_buy_setup  td_sell_setup     volume    vp_poc   dist_vp           timestamp      open   symbol timeframe
0  119025.0  119248.6  118944.6   1.413678 -0.797763  -0.797260 -0.533689  -0.532131  1.466534  1.448307  -0.413463  1.392164  1.399495    0.292708  1.270172  1.327227    0.834979  1.204085  1.229133    0.795233  1.270172  0.323963  1.289356  1.215450  0.263334  1.361067 -0.176509    0.337158   -0.762975  1.523939   -0.245642  1.443701      0.037065  1.388425      0.227039  1.341094      0.371656  1.291775      0.498353  1.21888      0.640576  1.123071       0.762437      0.004204       -0.66449  59.156540  1.246824  0.540549 2025-07-27 18:30:00  119248.6  BTCUSDT       30m
1  118934.1  119024.9  118890.0   1.386853 -0.323225  -0.322145 -0.213007  -0.210658  1.458235  1.433049  -0.631818  1.407917  1.400757   -0.026447  1.286422  1.335446    0.614291  1.209674  1.237055    0.686829  1.286422  0.278028  1.297700  1.239370  0.217797  1.360456 -0.180438    0.337601   -0.752310  1.523939   -0.335182  1.443701     -0.060824  1.388425      0.128302  1.341094      0.275020  1.291775      0.405847  1.21888      0.555985  1.123071       0.688710      0.328693       -0.66449  45.045304  1.246824  0.487331 2025-07-27 19:00:00  119024.9  BTCUSDT       30m
2  118960.8  119060.0  118917.1   1.394734  0.098721   0.099871 -0.385848  -0.383859  1.443391  1.425616  -0.375533  1.424465  1.403288   -0.087177  1.302281  1.343673    0.576462  1.215079  1.244998    0.696204  1.302281  0.226734  1.304790  1.263794  0.167102  1.279717 -0.214727    0.334751   -0.756704  1.523939   -0.308867  1.443701     -0.032056  1.388425      0.157319  1.341094      0.303420  1.291775      0.433033  1.21888      0.580846  1.123071       0.710377      0.653182       -0.66449  47.867617  1.246824  0.502971 2025-07-27 19:30:00  118934.1  BTCUSDT       30m
3  118985.9  119164.9  118920.1   1.402142  0.092957   0.094109 -0.334996  -0.332885  1.430470  1.423235  -0.146106  1.440196  1.406769   -0.145548  1.315342  1.351859    0.550094  1.220695  1.252940    0.703307  1.315342  0.207722  1.314411  1.280026  0.147994  1.226065 -0.150639    0.335822   -0.757517  1.523939   -0.284140  1.443701     -0.005023  1.388425      0.184586  1.341094      0.330107  1.291775      0.458579  1.21888      0.604206  1.123071       0.730738      0.977671       -0.66449  50.765735  1.240587  0.528736 2025-07-27 20:00:00  118960.8  BTCUSDT       30m
4  118743.5  118985.8  118717.4   1.330539 -0.866995  -0.866621 -0.813940  -0.813510  1.399422  1.396783  -0.629221  1.445318  1.396007   -0.727530  1.323998  1.352092    0.134124  1.223921  1.257568    0.451467  1.323998  0.162978  1.315555  1.296156  0.104063  0.750316 -0.077315    0.435791   -0.695240  1.523939   -0.523377  1.443701     -0.266564  1.388425     -0.079221  1.341094      0.071914  1.291775      0.211420  1.21888      0.378195  1.123071       0.533751      1.302161       -0.66449  88.195690  1.208314  0.443964 2025-07-27 20:30:00  118985.8  BTCUSDT       30m
[2025-09-29 21:48:14] Prepare stage finished successfully.
[2025-09-29 21:48:39] Training thread started.
[2025-09-29 21:48:39] Applied scaler to sequences for training.
[2025-09-29 21:48:39] Using device: cuda
[2025-09-29 21:48:40] [Train] Epoch 1/120 train_loss=0.003515 val_loss=0.003903
[2025-09-29 21:48:40] Saved best model & artifacts to artifacts
[2025-09-29 21:48:41] [Train] Epoch 2/120 train_loss=0.003401 val_loss=0.003764
[2025-09-29 21:48:41] Saved best model & artifacts to artifacts
[2025-09-29 21:48:41] [Train] Epoch 3/120 train_loss=0.003264 val_loss=0.003629
[2025-09-29 21:48:41] Saved best model & artifacts to artifacts
[2025-09-29 21:48:41] [Train] Epoch 4/120 train_loss=0.003123 val_loss=0.003498
[2025-09-29 21:48:41] Saved best model & artifacts to artifacts
[2025-09-29 21:48:41] [Train] Epoch 5/120 train_loss=0.003018 val_loss=0.003372
[2025-09-29 21:48:41] Saved best model & artifacts to artifacts
[2025-09-29 21:48:41] [Train] Epoch 6/120 train_loss=0.002884 val_loss=0.003248
[2025-09-29 21:48:41] Saved best model & artifacts to artifacts
[2025-09-29 21:48:42] [Train] Epoch 7/120 train_loss=0.002770 val_loss=0.003129
[2025-09-29 21:48:42] Saved best model & artifacts to artifacts
[2025-09-29 21:48:42] [Train] Epoch 8/120 train_loss=0.002653 val_loss=0.003012
[2025-09-29 21:48:42] Saved best model & artifacts to artifacts
[2025-09-29 21:48:42] [Train] Epoch 9/120 train_loss=0.002561 val_loss=0.002899
[2025-09-29 21:48:42] Saved best model & artifacts to artifacts
[2025-09-29 21:48:42] [Train] Epoch 10/120 train_loss=0.002438 val_loss=0.002788
[2025-09-29 21:48:42] Saved best model & artifacts to artifacts
[2025-09-29 21:48:43] [Train] Epoch 11/120 train_loss=0.002347 val_loss=0.002682
[2025-09-29 21:48:43] Saved best model & artifacts to artifacts
[2025-09-29 21:48:43] [Train] Epoch 12/120 train_loss=0.002240 val_loss=0.002579
[2025-09-29 21:48:43] Saved best model & artifacts to artifacts
[2025-09-29 21:48:43] [Train] Epoch 13/120 train_loss=0.002150 val_loss=0.002478
[2025-09-29 21:48:43] Saved best model & artifacts to artifacts
[2025-09-29 21:48:43] [Train] Epoch 14/120 train_loss=0.002053 val_loss=0.002379
[2025-09-29 21:48:43] Saved best model & artifacts to artifacts
[2025-09-29 21:48:44] [Train] Epoch 15/120 train_loss=0.001983 val_loss=0.002284
[2025-09-29 21:48:44] Saved best model & artifacts to artifacts
[2025-09-29 21:48:44] [Train] Epoch 16/120 train_loss=0.001897 val_loss=0.002192
[2025-09-29 21:48:44] Saved best model & artifacts to artifacts
[2025-09-29 21:48:44] [Train] Epoch 17/120 train_loss=0.001791 val_loss=0.002101
[2025-09-29 21:48:44] Saved best model & artifacts to artifacts
[2025-09-29 21:48:44] [Train] Epoch 18/120 train_loss=0.001713 val_loss=0.002015
[2025-09-29 21:48:44] Saved best model & artifacts to artifacts
[2025-09-29 21:48:44] [Train] Epoch 19/120 train_loss=0.001644 val_loss=0.001932
[2025-09-29 21:48:44] Saved best model & artifacts to artifacts
[2025-09-29 21:48:45] [Train] Epoch 20/120 train_loss=0.001575 val_loss=0.001850
[2025-09-29 21:48:45] Saved best model & artifacts to artifacts
[2025-09-29 21:48:45] [Train] Epoch 21/120 train_loss=0.001507 val_loss=0.001771
[2025-09-29 21:48:45] Saved best model & artifacts to artifacts
[2025-09-29 21:48:45] [Train] Epoch 22/120 train_loss=0.001429 val_loss=0.001693
[2025-09-29 21:48:45] Saved best model & artifacts to artifacts
[2025-09-29 21:48:45] [Train] Epoch 23/120 train_loss=0.001357 val_loss=0.001620
[2025-09-29 21:48:45] Saved best model & artifacts to artifacts
[2025-09-29 21:48:46] [Train] Epoch 24/120 train_loss=0.001292 val_loss=0.001547
[2025-09-29 21:48:46] Saved best model & artifacts to artifacts
[2025-09-29 21:48:46] [Train] Epoch 25/120 train_loss=0.001235 val_loss=0.001478
[2025-09-29 21:48:46] Saved best model & artifacts to artifacts
[2025-09-29 21:48:46] [Train] Epoch 26/120 train_loss=0.001169 val_loss=0.001411
[2025-09-29 21:48:46] Saved best model & artifacts to artifacts
[2025-09-29 21:48:46] [Train] Epoch 27/120 train_loss=0.001110 val_loss=0.001347
[2025-09-29 21:48:46] Saved best model & artifacts to artifacts
[2025-09-29 21:48:46] [Train] Epoch 28/120 train_loss=0.001054 val_loss=0.001284
[2025-09-29 21:48:46] Saved best model & artifacts to artifacts
[2025-09-29 21:48:47] [Train] Epoch 29/120 train_loss=0.001001 val_loss=0.001224
[2025-09-29 21:48:47] Saved best model & artifacts to artifacts
[2025-09-29 21:48:47] [Train] Epoch 30/120 train_loss=0.000937 val_loss=0.001165
[2025-09-29 21:48:47] Saved best model & artifacts to artifacts
[2025-09-29 21:48:47] [Train] Epoch 31/120 train_loss=0.000900 val_loss=0.001110
[2025-09-29 21:48:47] Saved best model & artifacts to artifacts
[2025-09-29 21:48:47] [Train] Epoch 32/120 train_loss=0.000857 val_loss=0.001056
[2025-09-29 21:48:47] Saved best model & artifacts to artifacts
[2025-09-29 21:48:48] [Train] Epoch 33/120 train_loss=0.000804 val_loss=0.001004
[2025-09-29 21:48:48] Saved best model & artifacts to artifacts
[2025-09-29 21:48:48] [Train] Epoch 34/120 train_loss=0.000760 val_loss=0.000953
[2025-09-29 21:48:48] Saved best model & artifacts to artifacts
[2025-09-29 21:48:48] [Train] Epoch 35/120 train_loss=0.000725 val_loss=0.000905
[2025-09-29 21:48:48] Saved best model & artifacts to artifacts
[2025-09-29 21:48:48] [Train] Epoch 36/120 train_loss=0.000682 val_loss=0.000859
[2025-09-29 21:48:48] Saved best model & artifacts to artifacts
[2025-09-29 21:48:49] [Train] Epoch 37/120 train_loss=0.000640 val_loss=0.000815
[2025-09-29 21:48:49] Saved best model & artifacts to artifacts
[2025-09-29 21:48:49] [Train] Epoch 38/120 train_loss=0.000615 val_loss=0.000772
[2025-09-29 21:48:49] Saved best model & artifacts to artifacts
[2025-09-29 21:48:49] [Train] Epoch 39/120 train_loss=0.000577 val_loss=0.000731
[2025-09-29 21:48:49] Saved best model & artifacts to artifacts
[2025-09-29 21:48:49] [Train] Epoch 40/120 train_loss=0.000543 val_loss=0.000692
[2025-09-29 21:48:49] Saved best model & artifacts to artifacts
[2025-09-29 21:48:49] [Train] Epoch 41/120 train_loss=0.000509 val_loss=0.000654
[2025-09-29 21:48:49] Saved best model & artifacts to artifacts
[2025-09-29 21:48:50] [Train] Epoch 42/120 train_loss=0.000486 val_loss=0.000619
[2025-09-29 21:48:50] Saved best model & artifacts to artifacts
[2025-09-29 21:48:50] [Train] Epoch 43/120 train_loss=0.000457 val_loss=0.000584
[2025-09-29 21:48:50] Saved best model & artifacts to artifacts
[2025-09-29 21:48:50] [Train] Epoch 44/120 train_loss=0.000435 val_loss=0.000552
[2025-09-29 21:48:50] Saved best model & artifacts to artifacts
[2025-09-29 21:48:50] [Train] Epoch 45/120 train_loss=0.000408 val_loss=0.000520
[2025-09-29 21:48:50] Saved best model & artifacts to artifacts
[2025-09-29 21:48:51] [Train] Epoch 46/120 train_loss=0.000382 val_loss=0.000491
[2025-09-29 21:48:51] Saved best model & artifacts to artifacts
[2025-09-29 21:48:51] [Train] Epoch 47/120 train_loss=0.000361 val_loss=0.000463
[2025-09-29 21:48:51] Saved best model & artifacts to artifacts
[2025-09-29 21:48:51] [Train] Epoch 48/120 train_loss=0.000345 val_loss=0.000436
[2025-09-29 21:48:51] Saved best model & artifacts to artifacts
[2025-09-29 21:48:51] [Train] Epoch 49/120 train_loss=0.000321 val_loss=0.000410
[2025-09-29 21:48:51] Saved best model & artifacts to artifacts
[2025-09-29 21:48:51] [Train] Epoch 50/120 train_loss=0.000305 val_loss=0.000387
[2025-09-29 21:48:52] Saved best model & artifacts to artifacts
[2025-09-29 21:48:52] [Train] Epoch 51/120 train_loss=0.000286 val_loss=0.000364
[2025-09-29 21:48:52] Saved best model & artifacts to artifacts
[2025-09-29 21:48:52] [Train] Epoch 52/120 train_loss=0.000270 val_loss=0.000342
[2025-09-29 21:48:52] Saved best model & artifacts to artifacts
[2025-09-29 21:48:52] [Train] Epoch 53/120 train_loss=0.000253 val_loss=0.000322
[2025-09-29 21:48:52] Saved best model & artifacts to artifacts
[2025-09-29 21:48:52] [Train] Epoch 54/120 train_loss=0.000242 val_loss=0.000303
[2025-09-29 21:48:52] Saved best model & artifacts to artifacts
[2025-09-29 21:48:53] [Train] Epoch 55/120 train_loss=0.000232 val_loss=0.000285
[2025-09-29 21:48:53] Saved best model & artifacts to artifacts
[2025-09-29 21:48:53] [Train] Epoch 56/120 train_loss=0.000218 val_loss=0.000267
[2025-09-29 21:48:53] Saved best model & artifacts to artifacts
[2025-09-29 21:48:53] [Train] Epoch 57/120 train_loss=0.000207 val_loss=0.000251
[2025-09-29 21:48:53] Saved best model & artifacts to artifacts
[2025-09-29 21:48:53] [Train] Epoch 58/120 train_loss=0.000196 val_loss=0.000236
[2025-09-29 21:48:53] Saved best model & artifacts to artifacts
[2025-09-29 21:48:54] [Train] Epoch 59/120 train_loss=0.000185 val_loss=0.000222
[2025-09-29 21:48:54] Saved best model & artifacts to artifacts
[2025-09-29 21:48:54] [Train] Epoch 60/120 train_loss=0.000177 val_loss=0.000209
[2025-09-29 21:48:54] Saved best model & artifacts to artifacts
[2025-09-29 21:48:54] [Train] Epoch 61/120 train_loss=0.000172 val_loss=0.000196
[2025-09-29 21:48:54] Saved best model & artifacts to artifacts
[2025-09-29 21:48:54] [Train] Epoch 62/120 train_loss=0.000164 val_loss=0.000184
[2025-09-29 21:48:54] Saved best model & artifacts to artifacts
[2025-09-29 21:48:54] [Train] Epoch 63/120 train_loss=0.000153 val_loss=0.000173
[2025-09-29 21:48:54] Saved best model & artifacts to artifacts
[2025-09-29 21:48:55] [Train] Epoch 64/120 train_loss=0.000148 val_loss=0.000163
[2025-09-29 21:48:55] Saved best model & artifacts to artifacts
[2025-09-29 21:48:55] [Train] Epoch 65/120 train_loss=0.000144 val_loss=0.000154
[2025-09-29 21:48:55] Saved best model & artifacts to artifacts
[2025-09-29 21:48:55] [Train] Epoch 66/120 train_loss=0.000138 val_loss=0.000145
[2025-09-29 21:48:55] Saved best model & artifacts to artifacts
[2025-09-29 21:48:55] [Train] Epoch 67/120 train_loss=0.000133 val_loss=0.000137
[2025-09-29 21:48:55] Saved best model & artifacts to artifacts
[2025-09-29 21:48:56] [Train] Epoch 68/120 train_loss=0.000130 val_loss=0.000129
[2025-09-29 21:48:56] Saved best model & artifacts to artifacts
[2025-09-29 21:48:56] [Train] Epoch 69/120 train_loss=0.000126 val_loss=0.000122
[2025-09-29 21:48:56] Saved best model & artifacts to artifacts
[2025-09-29 21:48:56] [Train] Epoch 70/120 train_loss=0.000120 val_loss=0.000115
[2025-09-29 21:48:56] Saved best model & artifacts to artifacts
[2025-09-29 21:48:56] [Train] Epoch 71/120 train_loss=0.000118 val_loss=0.000109
[2025-09-29 21:48:56] Saved best model & artifacts to artifacts
[2025-09-29 21:48:56] [Train] Epoch 72/120 train_loss=0.000113 val_loss=0.000103
[2025-09-29 21:48:56] Saved best model & artifacts to artifacts
[2025-09-29 21:48:57] [Train] Epoch 73/120 train_loss=0.000113 val_loss=0.000098
[2025-09-29 21:48:57] Saved best model & artifacts to artifacts
[2025-09-29 21:48:57] [Train] Epoch 74/120 train_loss=0.000108 val_loss=0.000093
[2025-09-29 21:48:57] Saved best model & artifacts to artifacts
[2025-09-29 21:48:57] [Train] Epoch 75/120 train_loss=0.000106 val_loss=0.000089
[2025-09-29 21:48:57] Saved best model & artifacts to artifacts
[2025-09-29 21:48:57] [Train] Epoch 76/120 train_loss=0.000106 val_loss=0.000085
[2025-09-29 21:48:57] Saved best model & artifacts to artifacts
[2025-09-29 21:48:58] [Train] Epoch 77/120 train_loss=0.000104 val_loss=0.000081
[2025-09-29 21:48:58] Saved best model & artifacts to artifacts
[2025-09-29 21:48:58] [Train] Epoch 78/120 train_loss=0.000099 val_loss=0.000077
[2025-09-29 21:48:58] Saved best model & artifacts to artifacts
[2025-09-29 21:48:58] [Train] Epoch 79/120 train_loss=0.000099 val_loss=0.000073
[2025-09-29 21:48:58] Saved best model & artifacts to artifacts
[2025-09-29 21:48:58] [Train] Epoch 80/120 train_loss=0.000098 val_loss=0.000070
[2025-09-29 21:48:58] Saved best model & artifacts to artifacts
[2025-09-29 21:48:59] [Train] Epoch 81/120 train_loss=0.000095 val_loss=0.000068
[2025-09-29 21:48:59] Saved best model & artifacts to artifacts
[2025-09-29 21:48:59] [Train] Epoch 82/120 train_loss=0.000095 val_loss=0.000065
[2025-09-29 21:48:59] Saved best model & artifacts to artifacts
[2025-09-29 21:48:59] [Train] Epoch 83/120 train_loss=0.000097 val_loss=0.000062
[2025-09-29 21:48:59] Saved best model & artifacts to artifacts
[2025-09-29 21:48:59] [Train] Epoch 84/120 train_loss=0.000092 val_loss=0.000060
[2025-09-29 21:48:59] Saved best model & artifacts to artifacts
[2025-09-29 21:48:59] [Train] Epoch 85/120 train_loss=0.000091 val_loss=0.000058
[2025-09-29 21:48:59] Saved best model & artifacts to artifacts
[2025-09-29 21:49:00] [Train] Epoch 86/120 train_loss=0.000088 val_loss=0.000056
[2025-09-29 21:49:00] Saved best model & artifacts to artifacts
[2025-09-29 21:49:00] [Train] Epoch 87/120 train_loss=0.000088 val_loss=0.000054
[2025-09-29 21:49:00] Saved best model & artifacts to artifacts
[2025-09-29 21:49:00] [Train] Epoch 88/120 train_loss=0.000086 val_loss=0.000053
[2025-09-29 21:49:00] Saved best model & artifacts to artifacts
[2025-09-29 21:49:00] [Train] Epoch 89/120 train_loss=0.000086 val_loss=0.000051
[2025-09-29 21:49:00] Saved best model & artifacts to artifacts
[2025-09-29 21:49:01] [Train] Epoch 90/120 train_loss=0.000084 val_loss=0.000049
[2025-09-29 21:49:01] Saved best model & artifacts to artifacts
[2025-09-29 21:49:01] [Train] Epoch 91/120 train_loss=0.000084 val_loss=0.000048
[2025-09-29 21:49:01] Saved best model & artifacts to artifacts
[2025-09-29 21:49:01] [Train] Epoch 92/120 train_loss=0.000081 val_loss=0.000047
[2025-09-29 21:49:01] Saved best model & artifacts to artifacts
[2025-09-29 21:49:01] [Train] Epoch 93/120 train_loss=0.000081 val_loss=0.000045
[2025-09-29 21:49:01] Saved best model & artifacts to artifacts
[2025-09-29 21:49:01] [Train] Epoch 94/120 train_loss=0.000083 val_loss=0.000044
[2025-09-29 21:49:01] Saved best model & artifacts to artifacts
[2025-09-29 21:49:02] [Train] Epoch 95/120 train_loss=0.000081 val_loss=0.000043
[2025-09-29 21:49:02] Saved best model & artifacts to artifacts
[2025-09-29 21:49:02] [Train] Epoch 96/120 train_loss=0.000079 val_loss=0.000042
[2025-09-29 21:49:02] Saved best model & artifacts to artifacts
[2025-09-29 21:49:02] [Train] Epoch 97/120 train_loss=0.000079 val_loss=0.000041
[2025-09-29 21:49:02] Saved best model & artifacts to artifacts
[2025-09-29 21:49:02] [Train] Epoch 98/120 train_loss=0.000077 val_loss=0.000040
[2025-09-29 21:49:02] Saved best model & artifacts to artifacts
[2025-09-29 21:49:03] [Train] Epoch 99/120 train_loss=0.000076 val_loss=0.000040
[2025-09-29 21:49:03] Saved best model & artifacts to artifacts
[2025-09-29 21:49:03] [Train] Epoch 100/120 train_loss=0.000077 val_loss=0.000039
[2025-09-29 21:49:03] Saved best model & artifacts to artifacts
[2025-09-29 21:49:03] [Train] Epoch 101/120 train_loss=0.000076 val_loss=0.000038
[2025-09-29 21:49:03] Saved best model & artifacts to artifacts
[2025-09-29 21:49:03] [Train] Epoch 102/120 train_loss=0.000076 val_loss=0.000037
[2025-09-29 21:49:03] Saved best model & artifacts to artifacts
[2025-09-29 21:49:04] [Train] Epoch 103/120 train_loss=0.000072 val_loss=0.000037
[2025-09-29 21:49:04] Saved best model & artifacts to artifacts
[2025-09-29 21:49:04] [Train] Epoch 104/120 train_loss=0.000075 val_loss=0.000036
[2025-09-29 21:49:04] Saved best model & artifacts to artifacts
[2025-09-29 21:49:04] [Train] Epoch 105/120 train_loss=0.000073 val_loss=0.000035
[2025-09-29 21:49:04] Saved best model & artifacts to artifacts
[2025-09-29 21:49:04] [Train] Epoch 106/120 train_loss=0.000072 val_loss=0.000035
[2025-09-29 21:49:04] Saved best model & artifacts to artifacts
[2025-09-29 21:49:05] [Train] Epoch 107/120 train_loss=0.000072 val_loss=0.000035
[2025-09-29 21:49:05] Saved best model & artifacts to artifacts
[2025-09-29 21:49:05] [Train] Epoch 108/120 train_loss=0.000073 val_loss=0.000034
[2025-09-29 21:49:05] Saved best model & artifacts to artifacts
[2025-09-29 21:49:05] [Train] Epoch 109/120 train_loss=0.000073 val_loss=0.000034
[2025-09-29 21:49:05] Saved best model & artifacts to artifacts
[2025-09-29 21:49:05] [Train] Epoch 110/120 train_loss=0.000071 val_loss=0.000033
[2025-09-29 21:49:05] Saved best model & artifacts to artifacts
[2025-09-29 21:49:06] [Train] Epoch 111/120 train_loss=0.000070 val_loss=0.000032
[2025-09-29 21:49:06] Saved best model & artifacts to artifacts
[2025-09-29 21:49:06] [Train] Epoch 112/120 train_loss=0.000069 val_loss=0.000032
[2025-09-29 21:49:06] Saved best model & artifacts to artifacts
[2025-09-29 21:49:06] [Train] Epoch 113/120 train_loss=0.000069 val_loss=0.000032
[2025-09-29 21:49:06] Saved best model & artifacts to artifacts
[2025-09-29 21:49:07] [Train] Epoch 114/120 train_loss=0.000067 val_loss=0.000031
[2025-09-29 21:49:07] Saved best model & artifacts to artifacts
[2025-09-29 21:49:07] [Train] Epoch 115/120 train_loss=0.000070 val_loss=0.000031
[2025-09-29 21:49:07] Saved best model & artifacts to artifacts
[2025-09-29 21:49:07] [Train] Epoch 116/120 train_loss=0.000068 val_loss=0.000031
[2025-09-29 21:49:07] Saved best model & artifacts to artifacts
[2025-09-29 21:49:07] [Train] Epoch 117/120 train_loss=0.000068 val_loss=0.000030
[2025-09-29 21:49:07] Saved best model & artifacts to artifacts
[2025-09-29 21:49:08] [Train] Epoch 118/120 train_loss=0.000067 val_loss=0.000030
[2025-09-29 21:49:08] Saved best model & artifacts to artifacts
[2025-09-29 21:49:08] [Train] Epoch 119/120 train_loss=0.000068 val_loss=0.000030
[2025-09-29 21:49:08] Saved best model & artifacts to artifacts
[2025-09-29 21:49:08] [Train] Epoch 120/120 train_loss=0.000064 val_loss=0.000029
[2025-09-29 21:49:08] Saved best model & artifacts to artifacts
[2025-09-29 21:49:08] Training completed.
[2025-09-29 21:49:21] Applied status intervals: inference=30.0s trade=60.0s refresh=60.0s
[2025-09-29 21:49:31] Backtest: loading data/features...
[2025-09-29 21:49:31] Backtest thread started.
[2025-09-29 21:49:32] Backtest finished: trades=2643, total_pnl=-36.92, winrate=48.58%
[2025-09-29 21:49:36] Refreshed model metadata from GUI state.
[2025-09-29 21:49:49] meta.json le√≠do: artifacts\meta.json
[2025-09-29 21:49:49] state_dict cargado con strict=True.
[2025-09-29 21:49:49] Modelo preparado en device cuda (input_size=44, hidden=96, num_layers=2).
[2025-09-29 21:49:49] Modelo cargado desde artifacts\model_best.pt y metadata aplicada: {'feature_cols': ['log_close', 'ret_1', 'log_ret_1', 'ret_5', 'log_ret_5', 'sma_5', 'ema_5', 'ma_diff_5', 'sma_10', 'ema_10', 'ma_diff_10', 'sma_20', 'ema_20', 'ma_diff_20', 'sma_50', 'ema_50', 'ma_diff_50', 'bb_m', 'bb_std', 'bb_up', 'bb_dn', 'bb_width', 'rsi_14', 'atr_14', 'raw_vol_10', 'raw_vol_30', 'fib_0', 'dist_fib_0', 'fib_236', 'dist_fib_236', 'fib_382', 'dist_fib_382', 'fib_500', 'dist_fib_500', 'fib_618', 'dist_fib_618', 'fib_786', 'dist_fib_786', 'fib_1000', 'dist_fib_1000', 'td_buy_setup', 'td_sell_setup', 'vp_poc', 'dist_vp'], 'seq_len': 128, 'horizon': 10, 'hidden': 96, 'input_size': 44, 'num_layers': 2}
[2025-09-29 21:49:49] Scaler cargado desde artifacts\scaler.pkl.
[2025-09-29 21:49:56] Backtest: loading data/features...
[2025-09-29 21:49:56] Backtest thread started.
[2025-09-29 21:49:57] Backtest finished: trades=2643, total_pnl=-36.92, winrate=48.58%
[2025-09-29 21:50:00] Refreshed model metadata from GUI state.
[2025-09-29 21:50:00] Status data fetched: 50 rows.
[2025-09-29 21:50:02] Status data fetched: 50 rows.
[2025-09-29 21:50:02] Status data fetched: 50 rows.
[2025-09-29 21:50:02] Status data fetched: 50 rows.
[2025-09-29 21:50:03] Status data fetched: 50 rows.
[2025-09-29 21:50:03] Status data fetched: 50 rows.
[2025-09-29 21:50:03] Status data fetched: 50 rows.
[2025-09-29 21:50:03] Status data fetched: 50 rows.
[2025-09-29 21:50:03] Status data fetched: 50 rows.
[2025-09-29 21:50:03] Status data fetched: 50 rows.
[2025-09-29 21:50:03] Status data fetched: 50 rows.
[2025-09-29 21:50:03] Status data fetched: 50 rows.
[2025-09-29 21:50:04] Status data fetched: 50 rows.
[2025-09-29 21:50:04] Status data fetched: 50 rows.
[2025-09-29 21:50:04] Status data fetched: 50 rows.
[2025-09-29 21:50:04] Status data fetched: 50 rows.
[2025-09-29 21:50:04] Status data fetched: 50 rows.
[2025-09-29 21:50:04] Status data fetched: 50 rows.
[2025-09-29 21:50:04] Status data fetched: 50 rows.
[2025-09-29 21:50:04] Status data fetched: 50 rows.
[2025-09-29 21:50:05] Status data fetched: 50 rows.
[2025-09-29 21:50:05] Status data fetched: 50 rows.
[2025-09-29 21:50:05] Status data fetched: 50 rows.
[2025-09-29 21:50:05] Status data fetched: 50 rows.
[2025-09-29 21:50:05] Status data fetched: 50 rows.
[2025-09-29 21:50:05] Status data fetched: 50 rows.
[2025-09-29 21:50:05] Status data fetched: 50 rows.
[2025-09-29 21:50:06] Status data fetched: 50 rows.
[2025-09-29 21:50:06] Status data fetched: 50 rows.
[2025-09-29 21:50:06] Status data fetched: 50 rows.
[2025-09-29 21:50:06] Status data fetched: 50 rows.
[2025-09-29 21:50:06] Status data fetched: 50 rows.
[2025-09-29 21:50:06] Status data fetched: 50 rows.
[2025-09-29 21:50:06] Status data fetched: 50 rows.
[2025-09-29 21:50:06] Status data fetched: 50 rows.
[2025-09-29 21:50:07] Status data fetched: 50 rows.
[2025-09-29 21:50:08] Refreshed model metadata from GUI state.
[2025-09-29 21:50:16] Prediction worker started (background).
[2025-09-29 21:50:16] Prediction computed: log=0.001211 pct=0.12113257502408548 vol=0.7633281946182251
[2025-09-29 21:50:27] Websocket URL empty. Provide ws:// or wss:// URL.
[2025-09-29 21:50:30] Websocket connect requested: wss://stream.binance.com:9443/ws (NOT IMPLEMENTED: placeholder only).
[2025-09-29 21:50:34] Status data fetched: 50 rows.
[2025-09-29 21:50:38] Prediction worker started (background).
[2025-09-29 21:50:38] Prediction computed: log=0.001211 pct=0.12113257502408548 vol=0.7633281946182251
[2025-09-29 21:50:47] Refreshed model metadata from GUI state.
[2025-09-29 21:50:48] Status data fetched: 50 rows.
[2025-09-29 21:50:48] Prediction worker started (background).
[2025-09-29 21:50:49] Prediction computed: log=0.001211 pct=0.12113257502408548 vol=0.7633281946182251
[2025-09-29 21:50:51] Prediction worker started (background).
[2025-09-29 21:50:51] Prediction computed: log=0.001211 pct=0.12113257502408548 vol=0.7633281946182251
[2025-09-29 21:50:53] Prediction worker started (background).
[2025-09-29 21:50:53] Prediction computed: log=0.001211 pct=0.12113257502408548 vol=0.7633281946182251
[2025-09-29 21:50:54] Refreshed model metadata from GUI state.
[2025-09-29 21:50:54] Status data fetched: 50 rows.
[2025-09-29 21:50:57] Daemon started.
[2025-09-29 21:51:09] Daemon stopped.
[2025-09-29 21:51:17] No daemon running: use 'Load artifacts model' to load artifacts/model_best.pt into the GUI.
[2025-09-29 21:51:21] Daemon started.
[2025-09-29 21:51:21] Background: loading model from C:/Users/soyko/Documents/git2/Market/project assistant/env.model_0.9/0.9f/fibopkg3/artifacts/model_best.pt ...
[2025-09-29 21:51:21] Model loaded (background).
[2025-09-29 21:52:00] Status data fetched: 50 rows.
[2025-09-29 21:52:02] Refreshed model metadata from daemon.python influx_to_sql.py --mode import --symbol BTCUSDT --exchange binance --timeframe 30m --start '-90d' --bucket prices --sqlite '../data_manager/exports/influx29sept25.db'
[2025-09-29 21:52:04] Prediction worker started (background).
[2025-09-29 21:52:04] Prediction computed: log=0.003456 pct=0.3461594059933404 vol=0.7547284364700317


python influx_to_sql.py --mode both --symbol BTCUSDT --exchange binance --timeframe 30m --start '-90d' --bucket prices --sqlite "C:\Users\soyko\Documents\git2\Market\project assistant\env.model_0.9\0.9f\fibopkg3\data_manager\exports\30m_influx29sept25.db"
python -m data_sources.influx_to_sql --mode both --symbol BTCUSDT --exchange binance --timeframe 30m --start '-90d' --bucket prices --sqlite "C:\Users\soyko\Documents\git2\Market\project assistant\env.model_0.9\0.9f\fibopkg3\data_manager\exports\30m_influx29sept25.db"

[2025-09-29 22:26:20] No rows found for selection.
[2025-09-29 22:26:28] Preview failed: Execution failed on sql 'SELECT * FROM  WHERE symbol = ? AND timeframe = ? ORDER BY ts DESC LIMIT 200': near "WHERE": syntax error
[2025-09-29 22:26:28] Traceback (most recent call last):
  File "C:\Users\soyko\AppData\Local\Programs\Python\Python310\lib\site-packages\pandas\io\sql.py", line 2664, in execute
    cur.execute(sql, *args)
sqlite3.OperationalError: near "WHERE": syntax error

The above exception was the direct cause of the following exception:

Traceback (most recent call last):
  File "C:\Users\soyko\Documents\git2\Market\project assistant\env.model_0.9\0.9f\fibopkg3\trading_gui_extended.py", line 957, in _refresh_preview
    df = pd.read_sql_query(q, con, params=[self.symbol.get(), self.timeframe.get()])
  File "C:\Users\soyko\AppData\Local\Programs\Python\Python310\lib\site-packages\pandas\io\sql.py", line 528, in read_sql_query
    return pandas_sql.read_query(
  File "C:\Users\soyko\AppData\Local\Programs\Python\Python310\lib\site-packages\pandas\io\sql.py", line 2728, in read_query
    cursor = self.execute(sql, params)
  File "C:\Users\soyko\AppData\Local\Programs\Python\Python310\lib\site-packages\pandas\io\sql.py", line 2676, in execute
    raise ex from exc
pandas.errors.DatabaseError: Execution failed on sql 'SELECT * FROM  WHERE symbol = ? AND timeframe = ? ORDER BY ts DESC LIMIT 200': near "WHERE": syntax error

[2025-09-29 22:26:37] Preview failed: Execution failed on sql 'SELECT * FROM prices WHERE symbol = ? AND timeframe = ? ORDER BY ts DESC LIMIT 200': no such table: prices
[2025-09-29 22:26:37] Traceback (most recent call last):
  File "C:\Users\soyko\AppData\Local\Programs\Python\Python310\lib\site-packages\pandas\io\sql.py", line 2664, in execute
    cur.execute(sql, *args)
sqlite3.OperationalError: no such table: prices

The above exception was the direct cause of the following exception:

Traceback (most recent call last):
  File "C:\Users\soyko\Documents\git2\Market\project assistant\env.model_0.9\0.9f\fibopkg3\trading_gui_extended.py", line 957, in _refresh_preview
    df = pd.read_sql_query(q, con, params=[self.symbol.get(), self.timeframe.get()])
  File "C:\Users\soyko\AppData\Local\Programs\Python\Python310\lib\site-packages\pandas\io\sql.py", line 528, in read_sql_query
    return pandas_sql.read_query(
  File "C:\Users\soyko\AppData\Local\Programs\Python\Python310\lib\site-packages\pandas\io\sql.py", line 2728, in read_query
    cursor = self.execute(sql, params)
  File "C:\Users\soyko\AppData\Local\Programs\Python\Python310\lib\site-packages\pandas\io\sql.py", line 2676, in execute
    raise ex from exc
pandas.errors.DatabaseError: Execution failed on sql 'SELECT * FROM prices WHERE symbol = ? AND timeframe = ? ORDER BY ts DESC LIMIT 200': no such table: prices

[2025-09-29 22:27:14] Preview failed: Execution failed on sql 'SELECT * FROM prices WHERE symbol = ? AND timeframe = ? ORDER BY ts DESC LIMIT 200': no such table: prices
[2025-09-29 22:27:14] Traceback (most recent call last):
  File "C:\Users\soyko\AppData\Local\Programs\Python\Python310\lib\site-packages\pandas\io\sql.py", line 2664, in execute
    cur.execute(sql, *args)
sqlite3.OperationalError: no such table: prices

The above exception was the direct cause of the following exception:

Traceback (most recent call last):
  File "C:\Users\soyko\Documents\git2\Market\project assistant\env.model_0.9\0.9f\fibopkg3\trading_gui_extended.py", line 957, in _refresh_preview
    df = pd.read_sql_query(q, con, params=[self.symbol.get(), self.timeframe.get()])
  File "C:\Users\soyko\AppData\Local\Programs\Python\Python310\lib\site-packages\pandas\io\sql.py", line 528, in read_sql_query
    return pandas_sql.read_query(
  File "C:\Users\soyko\AppData\Local\Programs\Python\Python310\lib\site-packages\pandas\io\sql.py", line 2728, in read_query
    cursor = self.execute(sql, params)
  File "C:\Users\soyko\AppData\Local\Programs\Python\Python310\lib\site-packages\pandas\io\sql.py", line 2676, in execute
    raise ex from exc
pandas.errors.DatabaseError: Execution failed on sql 'SELECT * FROM prices WHERE symbol = ? AND timeframe = ? ORDER BY ts DESC LIMIT 200': no such table: prices

[2025-09-29 22:27:27] Preview loaded: 200 rows.
[2025-09-29 22:27:51] Prepare: loading data from sqlite...
[2025-09-29 22:27:51] Prepare thread started.
[2025-09-29 22:27:51] Loaded 3444 rows from sqlite.
[2025-09-29 22:27:51] Computed features. Shape: (3444, 52)
[2025-09-29 22:27:51] dropna: before=3444, after=3344, removed=100
[2025-09-29 22:27:51] Feature cols selected (44): ['log_close', 'ret_1', 'log_ret_1', 'ret_5', 'log_ret_5', 'sma_5', 'ema_5', 'ma_diff_5', 'sma_10', 'ema_10', 'ma_diff_10', 'sma_20', 'ema_20', 'ma_diff_20', 'sma_50', 'ema_50', 'ma_diff_50', 'bb_m', 'bb_std', 'bb_up']...
[2025-09-29 22:27:51] Building sequences...
[2025-09-29 22:27:51] Sequences built: N=3207, seq_len=128, features=44
[2025-09-29 22:27:51] Scaler fitted and df_scaled prepared.
[2025-09-29 22:27:51] Preview raw (first 5 rows):
   id   symbol timeframe          ts       open       high        low      close     volume  source     created_at     updated_at                 timestamp
0   1  BTCUSDT       30m  1752231600  117983.78  118110.60  117583.16  117684.22  456.55930  influx  1759176286000  1759176829000 2025-07-11 11:00:00+00:00
1   2  BTCUSDT       30m  1752233400  117684.22  117958.06  117684.22  117821.91  352.06247  influx  1759176286000  1759176829000 2025-07-11 11:30:00+00:00
2   3  BTCUSDT       30m  1752235200  117821.91  118259.24  117751.03  117751.03  409.63944  influx  1759176286000  1759176829000 2025-07-11 12:00:00+00:00
3   4  BTCUSDT       30m  1752237000  117751.04  117925.16  117741.94  117878.11  451.78705  influx  1759176286000  1759176829000 2025-07-11 12:30:00+00:00
4   5  BTCUSDT       30m  1752238800  117878.10  118031.23  117621.73  117651.34  553.92578  influx  1759176286000  1759176829000 2025-07-11 13:00:00+00:00
[2025-09-29 22:27:51] Preview features (first 5 rows):
       close       high        low  log_close     ret_1  log_ret_1     ret_5  log_ret_5       sma_5          ema_5  ma_diff_5      sma_10         ema_10  ma_diff_10       sma_20         ema_20  ma_diff_20       sma_50         ema_50  ma_diff_50         bb_m      bb_std          bb_up          bb_dn  bb_width     rsi_14      atr_14  raw_vol_10  raw_vol_30      fib_0  dist_fib_0       fib_236  dist_fib_236       fib_382  dist_fib_382     fib_500  dist_fib_500       fib_618  dist_fib_618       fib_786  dist_fib_786   fib_1000  dist_fib_1000  td_buy_setup  td_sell_setup       volume        vp_poc   dist_vp           timestamp       open   symbol timeframe
0  118308.24  118596.95  118154.81  11.681049 -0.001046  -0.001046  0.004758   0.004747  118212.446  118211.239261     95.794  118009.518  118085.116361     298.722  117933.0155  117941.814516    375.2245  117622.2564  117769.741013    685.9836  117933.0155  194.116631  118321.248761  117544.782239  0.006584  65.439678  204.291429    0.001223    0.000996  116900.05    0.011903  117309.95132      0.008438  117563.53434      0.006295  117768.485      0.004562  117973.43566      0.002830  118265.22982      0.000364  118636.92      -0.002778             0              5   322.883140  117858.54000  0.003801 2025-07-13 13:00:00  118432.11  BTCUSDT       30m
1  118610.01  118750.00  118308.23  11.683596  0.002551   0.002547  0.004660   0.004649  118322.478  118344.162841    287.532  118080.941  118180.551568     529.069  117975.8360  118005.452182    634.1740  117643.2572  117802.692738    966.7528  117975.8360  241.203538  118458.243076  117493.428924  0.008178  70.945099  227.427857    0.001399    0.001067  116900.05    0.014417  117336.63820      0.010736  117606.73090      0.008459  117825.025      0.006618  118043.31910      0.004778  118354.11070      0.002157  118750.00      -0.001180             0              6   414.039590  117858.54000  0.006336 2025-07-13 13:30:00  118308.23  BTCUSDT       30m
2  119150.00  119376.00  118450.97  11.688138  0.004553   0.004542  0.009130   0.009089  118538.076  118612.775227    611.924  118210.940  118356.814919     939.060  118044.8365  118114.456736   1105.1635  117680.1632  117855.528317   1469.8368  118044.8365  351.423491  118747.683482  117341.989518  0.011908  76.841272  283.644286    0.001817    0.001290  116900.05    0.018883  117484.37420      0.013979  117845.86290      0.010945  118138.025      0.008493  118430.18710      0.006041  118846.14670      0.002550  119376.00      -0.001897             0              7  1241.171767  117884.35650  0.010622 2025-07-13 14:00:00  118610.00  BTCUSDT       30m
3  118766.94  119167.30  118353.20  11.684918 -0.003215  -0.003220  0.004881   0.004869  118653.460  118664.163485    113.480  118313.718  118431.383116     453.222  118089.2225  118176.597999    677.7175  117705.5020  117891.269952   1061.4380  118089.2225  383.959512  118857.141524  117321.303476  0.013006  65.147224  330.889286    0.002203    0.001454  116900.05    0.015719  117484.37420      0.010799  117845.86290      0.007755  118138.025      0.005295  118430.18710      0.002835  118846.14670     -0.000667  119376.00      -0.005128             0              8   656.767290  117857.73925  0.007655 2025-07-13 14:30:00  119149.99  BTCUSDT       30m
4  118908.03  119124.00  118653.13  11.686106  0.001188   0.001187  0.004019   0.004010  118748.644  118745.452323    159.386  118424.520  118518.046186     483.510  118142.9920  118246.258190    765.0380  117730.5284  117931.142895   1177.5016  118142.9920  419.765673  118982.523347  117303.460653  0.014212  71.469525  350.908571    0.002201    0.001457  116900.05    0.016887  117484.37420      0.011973  117845.86290      0.008933  118138.025      0.006476  118430.18710      0.004019  118846.14670      0.000520  119376.00      -0.003936             0              9   343.989930  117970.10975  0.007888 2025-07-13 15:00:00  118766.94  BTCUSDT       30m
[2025-09-29 22:27:51] Preview scaled (first 5 rows):
       close       high        low  log_close     ret_1  log_ret_1     ret_5  log_ret_5     sma_5     ema_5  ma_diff_5    sma_10    ema_10  ma_diff_10    sma_20    ema_20  ma_diff_20    sma_50    ema_50  ma_diff_50      bb_m    bb_std     bb_up     bb_dn  bb_width    rsi_14    atr_14  raw_vol_10  raw_vol_30     fib_0  dist_fib_0   fib_236  dist_fib_236   fib_382  dist_fib_382   fib_500  dist_fib_500   fib_618  dist_fib_618   fib_786  dist_fib_786  fib_1000  dist_fib_1000  td_buy_setup  td_sell_setup       volume    vp_poc   dist_vp           timestamp       open   symbol timeframe
0  118308.24  118596.95  118154.81   0.828370 -0.440449  -0.438514  0.944055   0.941506  0.801776  0.802423   0.334526  0.739350  0.764959    0.691101  0.716877  0.723263    0.601867  0.622237  0.675764    0.724039  0.716877 -0.776611  0.569741  0.847201 -0.787543  0.953047 -1.054382   -0.685457   -1.202014  0.851346    0.009021  0.771791      0.299773  0.719889      0.467482  0.676909      0.580764  0.633335      0.670484  0.570864      0.761213  0.491698       0.830469     -0.642999       1.060836   322.883140  0.707960  0.302849 2025-07-13 13:00:00  118432.11  BTCUSDT       30m
1  118610.01  118750.00  118308.23   0.919198  1.083374   1.080759  0.924736   0.922336  0.836052  0.843883   0.989424  0.761648  0.794832    1.215572  0.730302  0.743314    1.006408  0.628902  0.686321    1.009950  0.730302 -0.602909  0.611582  0.831132 -0.618012  1.298832 -0.891239   -0.539306   -1.128810  0.851346    0.336091  0.780370      0.613267  0.733685      0.755404  0.694830      0.841606  0.655278      0.901984  0.598313      0.952036  0.525734       0.976524     -0.642999       1.406159   414.039590  0.707960  0.503641 2025-07-13 13:30:00  118308.23  BTCUSDT       30m
2  119150.00  119376.00  118450.97   1.081152  1.931559   1.924052  1.805606   1.794514  0.903213  0.927665   2.097415  0.802233  0.850004    2.149070  0.751935  0.777660    1.742207  0.640614  0.703249    1.522248  0.751935 -0.196312  0.699981  0.783747 -0.221325  1.669159 -0.494839   -0.194056   -0.900329  0.851346    0.917220  0.827867      1.055786  0.810059      1.086260  0.794042      1.079504  0.776748      1.052147  0.750272      0.993807  0.714155       0.911032     -0.642999       1.751482  1241.171767  0.716154  0.843235 2025-07-13 14:00:00  118610.00  BTCUSDT       30m
3  118766.94  119167.30  118353.20   0.966341 -1.359424  -1.357392  0.968343   0.965604  0.939156  0.943693   0.394934  0.834319  0.873345    1.042878  0.765851  0.797240    1.074434  0.648655  0.714700    1.106369  0.765851 -0.076287  0.733411  0.777274 -0.104596  0.934679 -0.161700    0.124885   -0.732711  0.851346    0.505522  0.827867      0.621894  0.810059      0.661829  0.794042      0.673774  0.776748      0.671135  0.750272      0.651602  0.714155       0.615666     -0.642999       2.096805   656.767290  0.707706  0.608190 2025-07-13 14:30:00  119149.99  BTCUSDT       30m
4  118908.03  119124.00  118653.13   1.008671  0.506001   0.505752  0.798317   0.796846  0.968807  0.969048   0.551730  0.868911  0.900471    1.111840  0.782709  0.819189    1.210849  0.656597  0.727475    1.224559  0.782709  0.055800  0.771705  0.771691  0.023700  1.331770 -0.020538    0.123467   -0.730168  0.851346    0.657468  0.827867      0.782032  0.810059      0.818475  0.794042      0.823518  0.776748      0.811757  0.750272      0.777901  0.714155       0.724678     -0.642999       2.442128   343.989930  0.743371  0.626604 2025-07-13 15:00:00  118766.94  BTCUSDT       30m
[2025-09-29 22:27:51] Prepare stage finished successfully.
[2025-09-29 22:28:08] Refreshed model metadata from daemon.
[2025-09-29 22:28:10] Status data fetched: 50 rows.
[2025-09-29 22:28:33] Status data fetched: 50 rows.
[2025-09-29 22:29:00] Preview loaded: 200 rows.
[2025-09-29 22:29:02] Preview loaded: 200 rows.
[2025-09-29 22:29:10] Applied status intervals: inference=30.0s trade=60.0s refresh=60.0s
[2025-09-29 22:29:10] Pushed refresh interval to daemon.poll_interval.
[2025-09-29 22:29:14] Daemon stopped.
[2025-09-29 22:29:16] Refreshed model metadata from GUI state.
[2025-09-29 22:29:16] Status data fetched: 50 rows.
[2025-09-29 22:29:26] Prediction worker started (background).
[2025-09-29 22:29:26] Prediction computed: log=-0.000020 pct=-0.0019855600165819 vol=0.7565810084342957
[2025-09-29 22:35:43] Daemon started.
[2025-09-29 22:35:43] Background: loading model from C:/Users/soyko/Documents/git2/Market/project assistant/env.model_0.9/0.9f/fibopkg3/artifacts/model_best.pt ...
[2025-09-29 22:35:43] Model loaded (background).
[2025-09-29 22:40:44] Status data fetched: 50 rows.
[2025-09-29 22:40:44] Status data fetched: 50 rows.
[2025-09-29 22:58:49] Status data fetched: 50 rows.
[2025-09-29 22:59:30] Prediction worker started (background).
[2025-09-29 22:59:30] Prediction computed: log=0.003454 pct=0.34596875870163135 vol=0.7634408473968506
[2025-09-29 23:00:18] Refreshed model metadata from daemon.
[2025-09-29 23:00:28] Refreshed model metadata from daemon.
[2025-09-29 23:00:40] Refreshed model metadata from daemon.
[2025-09-29 23:00:40] Status data fetched: 50 rows.
[2025-09-29 23:00:43] Refreshed model metadata from daemon.
[2025-09-29 23:01:27] Refreshed model metadata from daemon.
[2025-09-29 23:01:29] Status data fetched: 50 rows.
[2025-09-29 23:01:30] Refreshed model metadata from daemon.
[2025-09-29 23:02:20] Preview loaded: 200 rows.
[2025-09-29 23:02:28] Prepare: loading data from sqlite...
[2025-09-29 23:02:28] Prepare thread started.
[2025-09-29 23:02:28] Loaded 3445 rows from sqlite.
[2025-09-29 23:02:28] Computed features. Shape: (3445, 52)
[2025-09-29 23:02:28] dropna: before=3445, after=3345, removed=100
[2025-09-29 23:02:28] Feature cols selected (44): ['log_close', 'ret_1', 'log_ret_1', 'ret_5', 'log_ret_5', 'sma_5', 'ema_5', 'ma_diff_5', 'sma_10', 'ema_10', 'ma_diff_10', 'sma_20', 'ema_20', 'ma_diff_20', 'sma_50', 'ema_50', 'ma_diff_50', 'bb_m', 'bb_std', 'bb_up']...
[2025-09-29 23:02:28] Building sequences...
[2025-09-29 23:02:28] Sequences built: N=3208, seq_len=128, features=44
[2025-09-29 23:02:28] Scaler fitted and df_scaled prepared.
[2025-09-29 23:02:28] Preview raw (first 5 rows):
   id   symbol timeframe          ts       open       high        low      close     volume  source     created_at     updated_at                 timestamp
0   1  BTCUSDT       30m  1752231600  117983.78  118110.60  117583.16  117684.22  456.55930  influx  1759176286000  1759179429000 2025-07-11 11:00:00+00:00
1   2  BTCUSDT       30m  1752233400  117684.22  117958.06  117684.22  117821.91  352.06247  influx  1759176286000  1759179429000 2025-07-11 11:30:00+00:00
2   3  BTCUSDT       30m  1752235200  117821.91  118259.24  117751.03  117751.03  409.63944  influx  1759176286000  1759179429000 2025-07-11 12:00:00+00:00
3   4  BTCUSDT       30m  1752237000  117751.04  117925.16  117741.94  117878.11  451.78705  influx  1759176286000  1759179429000 2025-07-11 12:30:00+00:00
4   5  BTCUSDT       30m  1752238800  117878.10  118031.23  117621.73  117651.34  553.92578  influx  1759176286000  1759179429000 2025-07-11 13:00:00+00:00
[2025-09-29 23:02:28] Preview features (first 5 rows):
       close       high        low  log_close     ret_1  log_ret_1     ret_5  log_ret_5       sma_5          ema_5  ma_diff_5      sma_10         ema_10  ma_diff_10       sma_20         ema_20  ma_diff_20       sma_50         ema_50  ma_diff_50         bb_m      bb_std          bb_up          bb_dn  bb_width     rsi_14      atr_14  raw_vol_10  raw_vol_30      fib_0  dist_fib_0       fib_236  dist_fib_236       fib_382  dist_fib_382     fib_500  dist_fib_500       fib_618  dist_fib_618       fib_786  dist_fib_786   fib_1000  dist_fib_1000  td_buy_setup  td_sell_setup       volume        vp_poc   dist_vp           timestamp       open   symbol timeframe
0  118308.24  118596.95  118154.81  11.681049 -0.001046  -0.001046  0.004758   0.004747  118212.446  118211.239261     95.794  118009.518  118085.116361     298.722  117933.0155  117941.814516    375.2245  117622.2564  117769.741013    685.9836  117933.0155  194.116631  118321.248761  117544.782239  0.006584  65.439678  204.291429    0.001223    0.000996  116900.05    0.011903  117309.95132      0.008438  117563.53434      0.006295  117768.485      0.004562  117973.43566      0.002830  118265.22982      0.000364  118636.92      -0.002778             0              5   322.883140  117858.54000  0.003801 2025-07-13 13:00:00  118432.11  BTCUSDT       30m
1  118610.01  118750.00  118308.23  11.683596  0.002551   0.002547  0.004660   0.004649  118322.478  118344.162841    287.532  118080.941  118180.551568     529.069  117975.8360  118005.452182    634.1740  117643.2572  117802.692738    966.7528  117975.8360  241.203538  118458.243076  117493.428924  0.008178  70.945099  227.427857    0.001399    0.001067  116900.05    0.014417  117336.63820      0.010736  117606.73090      0.008459  117825.025      0.006618  118043.31910      0.004778  118354.11070      0.002157  118750.00      -0.001180             0              6   414.039590  117858.54000  0.006336 2025-07-13 13:30:00  118308.23  BTCUSDT       30m
2  119150.00  119376.00  118450.97  11.688138  0.004553   0.004542  0.009130   0.009089  118538.076  118612.775227    611.924  118210.940  118356.814919     939.060  118044.8365  118114.456736   1105.1635  117680.1632  117855.528317   1469.8368  118044.8365  351.423491  118747.683482  117341.989518  0.011908  76.841272  283.644286    0.001817    0.001290  116900.05    0.018883  117484.37420      0.013979  117845.86290      0.010945  118138.025      0.008493  118430.18710      0.006041  118846.14670      0.002550  119376.00      -0.001897             0              7  1241.171767  117884.35650  0.010622 2025-07-13 14:00:00  118610.00  BTCUSDT       30m
3  118766.94  119167.30  118353.20  11.684918 -0.003215  -0.003220  0.004881   0.004869  118653.460  118664.163485    113.480  118313.718  118431.383116     453.222  118089.2225  118176.597999    677.7175  117705.5020  117891.269952   1061.4380  118089.2225  383.959512  118857.141524  117321.303476  0.013006  65.147224  330.889286    0.002203    0.001454  116900.05    0.015719  117484.37420      0.010799  117845.86290      0.007755  118138.025      0.005295  118430.18710      0.002835  118846.14670     -0.000667  119376.00      -0.005128             0              8   656.767290  117857.73925  0.007655 2025-07-13 14:30:00  119149.99  BTCUSDT       30m
4  118908.03  119124.00  118653.13  11.686106  0.001188   0.001187  0.004019   0.004010  118748.644  118745.452323    159.386  118424.520  118518.046186     483.510  118142.9920  118246.258190    765.0380  117730.5284  117931.142895   1177.5016  118142.9920  419.765673  118982.523347  117303.460653  0.014212  71.469525  350.908571    0.002201    0.001457  116900.05    0.016887  117484.37420      0.011973  117845.86290      0.008933  118138.025      0.006476  118430.18710      0.004019  118846.14670      0.000520  119376.00      -0.003936             0              9   343.989930  117970.10975  0.007888 2025-07-13 15:00:00  118766.94  BTCUSDT       30m
[2025-09-29 23:02:28] Preview scaled (first 5 rows):
       close       high        low  log_close     ret_1  log_ret_1     ret_5  log_ret_5     sma_5     ema_5  ma_diff_5    sma_10    ema_10  ma_diff_10    sma_20    ema_20  ma_diff_20    sma_50    ema_50  ma_diff_50      bb_m    bb_std     bb_up     bb_dn  bb_width    rsi_14    atr_14  raw_vol_10  raw_vol_30     fib_0  dist_fib_0   fib_236  dist_fib_236   fib_382  dist_fib_382   fib_500  dist_fib_500   fib_618  dist_fib_618   fib_786  dist_fib_786  fib_1000  dist_fib_1000  td_buy_setup  td_sell_setup       volume    vp_poc   dist_vp           timestamp       open   symbol timeframe
0  118308.24  118596.95  118154.81   0.828490 -0.440497  -0.438563  0.944229   0.941679  0.801894  0.802541   0.334602  0.739454  0.765067    0.691243  0.716969  0.723356    0.602014  0.622289  0.675830    0.724236  0.716969 -0.776334  0.569858  0.847259 -0.787267  0.953224 -1.053706   -0.685159   -1.201498  0.851342    0.009406  0.771820      0.300063  0.719936      0.467717  0.676968      0.580956  0.633406      0.670630  0.570949      0.761291  0.491799       0.830465     -0.643043       1.060865   322.883140  0.707967  0.303043 2025-07-13 13:00:00  118432.11  BTCUSDT       30m
1  118610.01  118750.00  118308.23   0.919334  1.083543   1.080928  0.924907   0.922506  0.836176  0.844008   0.989596  0.761755  0.794945    1.215791  0.730397  0.743411    1.006613  0.628955  0.686389    1.010182  0.730397 -0.602628  0.611705  0.831188 -0.617732  1.299025 -0.890595   -0.539006   -1.128300  0.851342    0.336459  0.780401      0.613571  0.733734      0.755668  0.694893      0.841829  0.655352      0.902161  0.598403      0.952139  0.525841       0.976537     -0.643043       1.406192   414.039590  0.707967  0.503850 2025-07-13 13:30:00  118308.23  BTCUSDT       30m
2  119150.00  119376.00  118450.97   1.081316  1.931849   1.924341  1.805908   1.794814  0.903348  0.927804   2.097749  0.802347  0.850126    2.149427  0.752034  0.777763    1.742516  0.640669  0.703319    1.522542  0.752034 -0.196020  0.700119  0.783795 -0.221035  1.669370 -0.494269   -0.193748   -0.899838  0.851342    0.917556  0.827905      1.056110  0.810120      1.086555  0.794120      1.079756  0.776842      1.052344  0.750387      0.993916  0.714293       0.911037     -0.643043       1.751519  1241.171767  0.716162  0.843471 2025-07-13 14:00:00  118610.00  BTCUSDT       30m
3  118766.94  119167.30  118353.20   0.966484 -1.359603  -1.357571  0.968521   0.965781  0.939298  0.943835   0.395019  0.834439  0.873471    1.043072  0.765952  0.797346    1.074648  0.648711  0.714772    1.106613  0.765952 -0.075993  0.733555  0.777321 -0.104303  0.934854 -0.161191    0.125200   -0.732234  0.851342    0.505880  0.827905      0.622198  0.810120      0.662084  0.794120      0.673977  0.776842      0.671281  0.750387      0.651666  0.714293       0.615639     -0.643043       2.096846   656.767290  0.707713  0.608407 2025-07-13 14:30:00  119149.99  BTCUSDT       30m
4  118908.03  119124.00  118653.13   1.008822  0.506088   0.505839  0.798470   0.796998  0.968953  0.969194   0.551838  0.869037  0.900602    1.112044  0.782813  0.819299    1.211083  0.656655  0.727549    1.224817  0.782813  0.056097  0.771855  0.771737  0.023997  1.331965 -0.020055    0.123783   -0.729692  0.851342    0.657818  0.827905      0.782343  0.810120      0.818745  0.794120      0.823739  0.776842      0.811921  0.750387      0.777981  0.714293       0.724662     -0.643043       2.442173   343.989930  0.743383  0.626823 2025-07-13 15:00:00  118766.94  BTCUSDT       30m
[2025-09-29 23:02:28] Prepare stage finished successfully.
[2025-09-29 23:02:30] Training thread started.
[2025-09-29 23:02:31] Applied scaler to sequences for training.
[2025-09-29 23:02:31] Using device: cuda
[2025-09-29 23:02:31] [Train] Epoch 1/80 train_loss=0.005914 val_loss=0.005020
[2025-09-29 23:02:31] Saved best model & artifacts to artifacts
[2025-09-29 23:02:31] [Train] Epoch 2/80 train_loss=0.005733 val_loss=0.004835
[2025-09-29 23:02:31] Saved best model & artifacts to artifacts
[2025-09-29 23:02:32] [Train] Epoch 3/80 train_loss=0.005556 val_loss=0.004657
[2025-09-29 23:02:32] Saved best model & artifacts to artifacts
[2025-09-29 23:02:32] [Train] Epoch 4/80 train_loss=0.005401 val_loss=0.004476
[2025-09-29 23:02:32] Saved best model & artifacts to artifacts
[2025-09-29 23:02:32] [Train] Epoch 5/80 train_loss=0.005202 val_loss=0.004306
[2025-09-29 23:02:32] Saved best model & artifacts to artifacts
[2025-09-29 23:02:32] [Train] Epoch 6/80 train_loss=0.005060 val_loss=0.004143
[2025-09-29 23:02:32] Saved best model & artifacts to artifacts
[2025-09-29 23:02:33] [Train] Epoch 7/80 train_loss=0.004894 val_loss=0.003981
[2025-09-29 23:02:33] Saved best model & artifacts to artifacts
[2025-09-29 23:02:33] [Train] Epoch 8/80 train_loss=0.004753 val_loss=0.003824
[2025-09-29 23:02:33] Saved best model & artifacts to artifacts
[2025-09-29 23:02:33] [Train] Epoch 9/80 train_loss=0.004609 val_loss=0.003667
[2025-09-29 23:02:33] Saved best model & artifacts to artifacts
[2025-09-29 23:02:33] [Train] Epoch 10/80 train_loss=0.004461 val_loss=0.003517
[2025-09-29 23:02:33] Saved best model & artifacts to artifacts
[2025-09-29 23:02:34] [Train] Epoch 11/80 train_loss=0.004304 val_loss=0.003373
[2025-09-29 23:02:34] Saved best model & artifacts to artifacts
[2025-09-29 23:02:34] [Train] Epoch 12/80 train_loss=0.004168 val_loss=0.003232
[2025-09-29 23:02:34] Saved best model & artifacts to artifacts
[2025-09-29 23:02:34] [Train] Epoch 13/80 train_loss=0.004059 val_loss=0.003103
[2025-09-29 23:02:34] Saved best model & artifacts to artifacts
[2025-09-29 23:02:35] [Train] Epoch 14/80 train_loss=0.003889 val_loss=0.002969
[2025-09-29 23:02:35] Saved best model & artifacts to artifacts
[2025-09-29 23:02:35] [Train] Epoch 15/80 train_loss=0.003765 val_loss=0.002844
[2025-09-29 23:02:35] Saved best model & artifacts to artifacts
[2025-09-29 23:02:35] [Train] Epoch 16/80 train_loss=0.003623 val_loss=0.002718
[2025-09-29 23:02:35] Saved best model & artifacts to artifacts
[2025-09-29 23:02:35] [Train] Epoch 17/80 train_loss=0.003512 val_loss=0.002595
[2025-09-29 23:02:35] Saved best model & artifacts to artifacts
[2025-09-29 23:02:36] [Train] Epoch 18/80 train_loss=0.003392 val_loss=0.002480
[2025-09-29 23:02:36] Saved best model & artifacts to artifacts
[2025-09-29 23:02:36] [Train] Epoch 19/80 train_loss=0.003260 val_loss=0.002368
[2025-09-29 23:02:36] Saved best model & artifacts to artifacts
[2025-09-29 23:02:36] [Train] Epoch 20/80 train_loss=0.003138 val_loss=0.002261
[2025-09-29 23:02:36] Saved best model & artifacts to artifacts
[2025-09-29 23:02:36] [Train] Epoch 21/80 train_loss=0.003023 val_loss=0.002155
[2025-09-29 23:02:36] Saved best model & artifacts to artifacts
[2025-09-29 23:02:37] [Train] Epoch 22/80 train_loss=0.002919 val_loss=0.002053
[2025-09-29 23:02:37] Saved best model & artifacts to artifacts
[2025-09-29 23:02:37] [Train] Epoch 23/80 train_loss=0.002800 val_loss=0.001958
[2025-09-29 23:02:37] Saved best model & artifacts to artifacts
[2025-09-29 23:02:37] [Train] Epoch 24/80 train_loss=0.002702 val_loss=0.001862
[2025-09-29 23:02:37] Saved best model & artifacts to artifacts
[2025-09-29 23:02:37] [Train] Epoch 25/80 train_loss=0.002586 val_loss=0.001770
[2025-09-29 23:02:37] Saved best model & artifacts to artifacts
[2025-09-29 23:02:38] [Train] Epoch 26/80 train_loss=0.002493 val_loss=0.001679
[2025-09-29 23:02:38] Saved best model & artifacts to artifacts
[2025-09-29 23:02:38] [Train] Epoch 27/80 train_loss=0.002399 val_loss=0.001596
[2025-09-29 23:02:38] Saved best model & artifacts to artifacts
[2025-09-29 23:02:38] [Train] Epoch 28/80 train_loss=0.002297 val_loss=0.001517
[2025-09-29 23:02:38] Saved best model & artifacts to artifacts
[2025-09-29 23:02:38] [Train] Epoch 29/80 train_loss=0.002213 val_loss=0.001438
[2025-09-29 23:02:38] Saved best model & artifacts to artifacts
[2025-09-29 23:02:39] [Train] Epoch 30/80 train_loss=0.002114 val_loss=0.001365
[2025-09-29 23:02:39] Saved best model & artifacts to artifacts
[2025-09-29 23:02:39] [Train] Epoch 31/80 train_loss=0.002035 val_loss=0.001291
[2025-09-29 23:02:39] Saved best model & artifacts to artifacts
[2025-09-29 23:02:39] [Train] Epoch 32/80 train_loss=0.001943 val_loss=0.001223
[2025-09-29 23:02:39] Saved best model & artifacts to artifacts
[2025-09-29 23:02:40] [Train] Epoch 33/80 train_loss=0.001857 val_loss=0.001159
[2025-09-29 23:02:40] Saved best model & artifacts to artifacts
[2025-09-29 23:02:40] [Train] Epoch 34/80 train_loss=0.001777 val_loss=0.001095
[2025-09-29 23:02:40] Saved best model & artifacts to artifacts
[2025-09-29 23:02:40] [Train] Epoch 35/80 train_loss=0.001685 val_loss=0.001036
[2025-09-29 23:02:40] Saved best model & artifacts to artifacts
[2025-09-29 23:02:40] [Train] Epoch 36/80 train_loss=0.001623 val_loss=0.000981
[2025-09-29 23:02:40] Saved best model & artifacts to artifacts
[2025-09-29 23:02:41] [Train] Epoch 37/80 train_loss=0.001553 val_loss=0.000925
[2025-09-29 23:02:41] Saved best model & artifacts to artifacts
[2025-09-29 23:02:41] [Train] Epoch 38/80 train_loss=0.001463 val_loss=0.000872
[2025-09-29 23:02:41] Saved best model & artifacts to artifacts
[2025-09-29 23:02:41] [Train] Epoch 39/80 train_loss=0.001393 val_loss=0.000823
[2025-09-29 23:02:41] Saved best model & artifacts to artifacts
[2025-09-29 23:02:41] [Train] Epoch 40/80 train_loss=0.001341 val_loss=0.000777
[2025-09-29 23:02:41] Saved best model & artifacts to artifacts
[2025-09-29 23:02:42] [Train] Epoch 41/80 train_loss=0.001273 val_loss=0.000732
[2025-09-29 23:02:42] Saved best model & artifacts to artifacts
[2025-09-29 23:02:42] [Train] Epoch 42/80 train_loss=0.001219 val_loss=0.000691
[2025-09-29 23:02:42] Saved best model & artifacts to artifacts
[2025-09-29 23:02:42] [Train] Epoch 43/80 train_loss=0.001142 val_loss=0.000650
[2025-09-29 23:02:42] Saved best model & artifacts to artifacts
[2025-09-29 23:02:42] [Train] Epoch 44/80 train_loss=0.001091 val_loss=0.000612
[2025-09-29 23:02:42] Saved best model & artifacts to artifacts
[2025-09-29 23:02:43] [Train] Epoch 45/80 train_loss=0.001041 val_loss=0.000576
[2025-09-29 23:02:43] Saved best model & artifacts to artifacts
[2025-09-29 23:02:43] [Train] Epoch 46/80 train_loss=0.000993 val_loss=0.000543
[2025-09-29 23:02:43] Saved best model & artifacts to artifacts
[2025-09-29 23:02:43] [Train] Epoch 47/80 train_loss=0.000936 val_loss=0.000512
[2025-09-29 23:02:43] Saved best model & artifacts to artifacts
[2025-09-29 23:02:44] [Train] Epoch 48/80 train_loss=0.000879 val_loss=0.000482
[2025-09-29 23:02:44] Saved best model & artifacts to artifacts
[2025-09-29 23:02:44] [Train] Epoch 49/80 train_loss=0.000838 val_loss=0.000454
[2025-09-29 23:02:44] Saved best model & artifacts to artifacts
[2025-09-29 23:02:44] [Train] Epoch 50/80 train_loss=0.000787 val_loss=0.000429
[2025-09-29 23:02:44] Saved best model & artifacts to artifacts
[2025-09-29 23:02:44] [Train] Epoch 51/80 train_loss=0.000754 val_loss=0.000405
[2025-09-29 23:02:44] Saved best model & artifacts to artifacts
[2025-09-29 23:02:45] [Train] Epoch 52/80 train_loss=0.000712 val_loss=0.000382
[2025-09-29 23:02:45] Saved best model & artifacts to artifacts
[2025-09-29 23:02:45] [Train] Epoch 53/80 train_loss=0.000675 val_loss=0.000361
[2025-09-29 23:02:45] Saved best model & artifacts to artifacts
[2025-09-29 23:02:45] [Train] Epoch 54/80 train_loss=0.000640 val_loss=0.000342
[2025-09-29 23:02:45] Saved best model & artifacts to artifacts
[2025-09-29 23:02:45] [Train] Epoch 55/80 train_loss=0.000595 val_loss=0.000325
[2025-09-29 23:02:45] Saved best model & artifacts to artifacts
[2025-09-29 23:02:46] [Train] Epoch 56/80 train_loss=0.000575 val_loss=0.000308
[2025-09-29 23:02:46] Saved best model & artifacts to artifacts
[2025-09-29 23:02:46] [Train] Epoch 57/80 train_loss=0.000538 val_loss=0.000293
[2025-09-29 23:02:46] Saved best model & artifacts to artifacts
[2025-09-29 23:02:46] [Train] Epoch 58/80 train_loss=0.000510 val_loss=0.000279
[2025-09-29 23:02:46] Saved best model & artifacts to artifacts
[2025-09-29 23:02:46] [Train] Epoch 59/80 train_loss=0.000479 val_loss=0.000266
[2025-09-29 23:02:46] Saved best model & artifacts to artifacts
[2025-09-29 23:02:47] [Train] Epoch 60/80 train_loss=0.000456 val_loss=0.000255
[2025-09-29 23:02:47] Saved best model & artifacts to artifacts
[2025-09-29 23:02:47] [Train] Epoch 61/80 train_loss=0.000438 val_loss=0.000244
[2025-09-29 23:02:47] Saved best model & artifacts to artifacts
[2025-09-29 23:02:47] [Train] Epoch 62/80 train_loss=0.000401 val_loss=0.000234
[2025-09-29 23:02:47] Saved best model & artifacts to artifacts
[2025-09-29 23:02:47] [Train] Epoch 63/80 train_loss=0.000384 val_loss=0.000225
[2025-09-29 23:02:47] Saved best model & artifacts to artifacts
[2025-09-29 23:02:48] [Train] Epoch 64/80 train_loss=0.000364 val_loss=0.000217
[2025-09-29 23:02:48] Saved best model & artifacts to artifacts
[2025-09-29 23:02:48] [Train] Epoch 65/80 train_loss=0.000350 val_loss=0.000210
[2025-09-29 23:02:48] Saved best model & artifacts to artifacts
[2025-09-29 23:02:48] [Train] Epoch 66/80 train_loss=0.000326 val_loss=0.000203
[2025-09-29 23:02:48] Saved best model & artifacts to artifacts
[2025-09-29 23:02:49] [Train] Epoch 67/80 train_loss=0.000315 val_loss=0.000197
[2025-09-29 23:02:49] Saved best model & artifacts to artifacts
[2025-09-29 23:02:49] [Train] Epoch 68/80 train_loss=0.000297 val_loss=0.000192
[2025-09-29 23:02:49] Saved best model & artifacts to artifacts
[2025-09-29 23:02:49] [Train] Epoch 69/80 train_loss=0.000277 val_loss=0.000187
[2025-09-29 23:02:49] Saved best model & artifacts to artifacts
[2025-09-29 23:02:49] [Train] Epoch 70/80 train_loss=0.000268 val_loss=0.000182
[2025-09-29 23:02:49] Saved best model & artifacts to artifacts
[2025-09-29 23:02:50] [Train] Epoch 71/80 train_loss=0.000259 val_loss=0.000178
[2025-09-29 23:02:50] Saved best model & artifacts to artifacts
[2025-09-29 23:02:50] [Train] Epoch 72/80 train_loss=0.000246 val_loss=0.000174
[2025-09-29 23:02:50] Saved best model & artifacts to artifacts
[2025-09-29 23:02:50] [Train] Epoch 73/80 train_loss=0.000232 val_loss=0.000171
[2025-09-29 23:02:50] Saved best model & artifacts to artifacts
[2025-09-29 23:02:50] [Train] Epoch 74/80 train_loss=0.000223 val_loss=0.000168
[2025-09-29 23:02:50] Saved best model & artifacts to artifacts
[2025-09-29 23:02:51] [Train] Epoch 75/80 train_loss=0.000210 val_loss=0.000165
[2025-09-29 23:02:51] Saved best model & artifacts to artifacts
[2025-09-29 23:02:51] [Train] Epoch 76/80 train_loss=0.000208 val_loss=0.000161
[2025-09-29 23:02:51] Saved best model & artifacts to artifacts
[2025-09-29 23:02:51] [Train] Epoch 77/80 train_loss=0.000198 val_loss=0.000159
[2025-09-29 23:02:51] Saved best model & artifacts to artifacts
[2025-09-29 23:02:51] [Train] Epoch 78/80 train_loss=0.000191 val_loss=0.000157
[2025-09-29 23:02:51] Saved best model & artifacts to artifacts
[2025-09-29 23:02:52] [Train] Epoch 79/80 train_loss=0.000188 val_loss=0.000154
[2025-09-29 23:02:52] Saved best model & artifacts to artifacts
[2025-09-29 23:02:52] [Train] Epoch 80/80 train_loss=0.000184 val_loss=0.000152
[2025-09-29 23:02:52] Saved best model & artifacts to artifacts
[2025-09-29 23:02:52] Training completed.
[2025-09-29 23:04:51] Backtest: loading data/features...
[2025-09-29 23:04:51] Backtest thread started.
[2025-09-29 23:04:52] Backtest finished: trades=0, total_pnl=0.00, winrate=0.00%
[2025-09-29 23:05:07] Refreshed model metadata from daemon.
[2025-09-29 23:05:09] Status data fetched: 50 rows.
[2025-09-29 23:05:15] Applied status intervals: inference=30.0s trade=60.0s refresh=60.0s
[2025-09-29 23:05:23] Pushed refresh interval to daemon.poll_interval.
[2025-09-29 23:05:43] Status data fetched: 50 rows.
[2025-09-29 23:07:19] Websocket connect requested: wss://stream.binance.com:9443/ws (NOT IMPLEMENTED: placeholder only).
[2025-09-29 23:34:09] Daemon stopped.
[2025-09-29 23:34:10] Daemon started.
[2025-09-29 23:34:10] Background: loading model from C:/Users/soyko/Documents/git2/Market/project assistant/env.model_0.9/0.9f/fibopkg3/artifacts/model_best.pt ...
[2025-09-29 23:34:10] Model loaded (background).
[2025-09-29 23:34:16] Status data fetched: 50 rows.

# self.ws_app = None
# self.ws_thread = None
# self.ws_queue = queue.Queue()
# self.ws_connected = False
# self.ws_orderbook = {"bids": {}, "asks": {}}
# self.show_orderbook_var = BooleanVar(value=True)
# self.show_trades_var = BooleanVar(value=True)
# self.ws_verbose_var = IntVar(value=1)  # 0=none,1=info,2=debug
# self.big_trade_threshold_var = DoubleVar(value=10000.0)
# self.trades_tree = None
# self.big_trades_tree = None
# self.orderbook_tree = None


python -m data_sources.influx_to_sql --mode both --symbol BTCUSDT --exchange binance --timeframe 30m --start '-90d' --bucket prices --sqlite "C:\Users\soyko\Documents\git2\Market\project assistant\env.model_0.9\0.9f\fibopkg3\data_manager\exports\30m_influx29sept25.db"


python -m data_sources.influx_to_sql --mode both --symbol BTCUSDT --exchange binance --timeframe 1m --start '-90d' --bucket prices --sqlite "C:\Users\soyko\Documents\git2\Market\project assistant\env.model_0.9\0.9f\fibopkg3\data_manager\exports\1m_influx30sept25.db"
